<?xml version="1.0" encoding="UTF-8"?>
<!-- Generated by org.testng.reporters.JUnitReportReporter -->
<testsuite hostname="DESKTOP-A4RD3F2" failures="0" tests="1" name="com.Hello" time="5.831" errors="0" timestamp="2020-10-03T21:10:01 IST" skipped="0">
  <testcase classname="com.Hello" name="abc" time="5.831"/>
  <system-out/>
</testsuite> <!-- com.Hello -->
